\BOOKMARK [0][]{chapter.1}{\376\377\000B\000e\000v\000e\000z\000e\000t\000\351\000s}{}% 1
\BOOKMARK [0][]{chapter.1}{\376\377\000P\000\341\000r\000o\000k}{}% 2
\BOOKMARK [0][]{chapter.2}{\376\377\000\311\000b\000e\000r\000s\000\351\000g}{}% 3
\BOOKMARK [0][]{chapter.3}{\376\377\000A\000z\000\040\000E\000l\000m\000e}{}% 4
\BOOKMARK [0][]{chapter.4}{\376\377\000V\000i\000r\000\341\000g\000o\000k}{}% 5
\BOOKMARK [0][]{chapter.5}{\376\377\000A\000\040\000B\000a\000l\000g\000a}{}% 6
\BOOKMARK [0][]{chapter.6}{\376\377\000A\000\040\000B\000\366\000l\000c\000s}{}% 7
\BOOKMARK [0][]{chapter.7}{\376\377\000A\000\040\000S\000z\000e\000n\000t}{}% 8
\BOOKMARK [0][]{chapter.8}{\376\377\000E\000z\000r\000e\000k}{}% 9
\BOOKMARK [0][]{chapter.9}{\376\377\000B\001\161\000n}{}% 10
\BOOKMARK [0][]{chapter.10}{\376\377\000B\000\374\000n\000t\000e\000t\000\351\000s}{}% 11
\BOOKMARK [0][]{chapter.11}{\376\377\000\326\000r\000e\000g\000s\000\351\000g}{}% 12
\BOOKMARK [0][]{chapter.12}{\376\377\000\326\000n\000m\000a\000g\000a}{}% 13
\BOOKMARK [0][]{chapter.13}{\376\377\000A\000\040\000V\000i\000l\000\341\000g}{}% 14
\BOOKMARK [0][]{chapter.14}{\376\377\000A\000\040\000B\000u\000d\000d\000h\000a}{}% 15
\BOOKMARK [0][]{chapter.15}{\376\377\000B\000o\000l\000d\000o\000g\000s\000\341\000g}{}% 16
\BOOKMARK [0][]{chapter.16}{\376\377\000G\000y\000\366\000n\000y\000\366\000r}{}% 17
\BOOKMARK [0][]{chapter.17}{\376\377\000H\000a\000r\000a\000g}{}% 18
\BOOKMARK [0][]{chapter.18}{\376\377\000T\000i\000s\000z\000t\000\341\000t\000a\000l\000a\000n\000s\000\341\000g}{}% 19
\BOOKMARK [0][]{chapter.19}{\376\377\000E\000r\000\351\000n\000y}{}% 20
\BOOKMARK [0][]{chapter.20}{\376\377\000\332\000t}{}% 21
\BOOKMARK [0][]{chapter.21}{\376\377\000K\000\374\000l\000\366\000n\000f\000\351\000l\000\351\000k}{}% 22
\BOOKMARK [0][]{chapter.22}{\376\377\000P\000o\000k\000o\000l}{}% 23
\BOOKMARK [0][]{chapter.23}{\376\377\000E\000l\000e\000f\000\341\000n\000t}{}% 24
\BOOKMARK [0][]{chapter.24}{\376\377\000S\000z\000o\000m\000j}{}% 25
\BOOKMARK [0][]{chapter.25}{\376\377\000A\000\040\000K\000o\000l\000d\000u\000s}{}% 26
\BOOKMARK [0][]{chapter.26}{\376\377\000A\000\040\000B\000r\000\341\000h\000m\000a\000n\000a}{}% 27
\BOOKMARK [0][]{chapter.27}{\376\377\000I\000d\000e\000g\000e\000n\000\040\000K\000i\000f\000e\000j\000e\000z\000\351\000s\000e\000k\000\040\000J\000e\000g\000y\000z\000\351\000k\000e}{}% 28
